<?xml version="1.0" encoding="UTF-8"?>
<testng-results skipped="0" failed="0" total="1" passed="1">
  <reporter-output>
  </reporter-output>
  <suite name="InetBankingV1" duration-ms="41962" started-at="2020-02-18T05:34:10Z" finished-at="2020-02-18T05:34:52Z">
    <groups>
    </groups>
    <test name="BankingApp Test" duration-ms="41962" started-at="2020-02-18T05:34:10Z" finished-at="2020-02-18T05:34:52Z">
      <class name="com.inetbanking.testCases.TC_LoginTest_001">
        <test-method status="PASS" signature="setup(java.lang.String)[pri:0, instance:com.inetbanking.testCases.TC_LoginTest_001@cb644e]" name="setup" is-config="true" duration-ms="16501" started-at="2020-02-18T11:04:10Z" finished-at="2020-02-18T11:04:27Z">
          <params>
            <param index="0">
              <value>
                <![CDATA[ie]]>
              </value>
            </param>
          </params>
          <reporter-output>
          </reporter-output>
        </test-method> <!-- setup -->
        <test-method status="PASS" signature="loginTest()[pri:0, instance:com.inetbanking.testCases.TC_LoginTest_001@cb644e]" name="loginTest" duration-ms="24274" started-at="2020-02-18T11:04:27Z" finished-at="2020-02-18T11:04:51Z">
          <reporter-output>
          </reporter-output>
        </test-method> <!-- loginTest -->
        <test-method status="PASS" signature="tearDown()[pri:0, instance:com.inetbanking.testCases.TC_LoginTest_001@cb644e]" name="tearDown" is-config="true" duration-ms="1155" started-at="2020-02-18T11:04:51Z" finished-at="2020-02-18T11:04:52Z">
          <reporter-output>
          </reporter-output>
        </test-method> <!-- tearDown -->
      </class> <!-- com.inetbanking.testCases.TC_LoginTest_001 -->
    </test> <!-- BankingApp Test -->
  </suite> <!-- InetBankingV1 -->
</testng-results>
